<component name="libraryTable">
  <library name="junit">
    <CLASSES>
      <root url="jar:///Volumes/IntelliJ IDEA CE/IntelliJ IDEA CE.app/Contents/lib/junit.jar!/" />
    </CLASSES>
    <JAVADOC />
    <SOURCES />
  </library>
</component>